<?xml version="1.0" encoding="UTF-8"?>
<!-- Generated by org.testng.reporters.JUnitXMLReporter -->
<testsuite hostname="HOME-PC" name="Command line test" tests="4" failures="0" timestamp="13 May 2019 03:05:11 GMT" time="0.089" errors="0">
  <testcase name="IOSApps" time="0.047" classname="qaclickacademy.AppiumTest"/>
  <testcase name="NativeAPpAndroid" time="0.001" classname="qaclickacademy.AppiumTest"/>
  <testcase name="BrowserAutomation" time="0.0" classname="qaclickacademy.SeleniumTest"/>
  <testcase name="elementsUi" time="0.001" classname="qaclickacademy.SeleniumTest"/>
</testsuite> <!-- Command line test -->
