<?xml version="1.0" encoding="UTF-8"?>
<testng-results skipped="0" failed="0" total="4" passed="4">
  <reporter-output>
  </reporter-output>
  <suite name="Command line suite" duration-ms="89" started-at="2019-05-13T03:05:11Z" finished-at="2019-05-13T03:05:11Z">
    <groups>
    </groups>
    <test name="Command line test" duration-ms="89" started-at="2019-05-13T03:05:11Z" finished-at="2019-05-13T03:05:11Z">
      <class name="qaclickacademy.AppiumTest">
        <test-method status="PASS" signature="IOSApps()[pri:0, instance:qaclickacademy.AppiumTest@76ae34]" name="IOSApps" duration-ms="47" started-at="2019-05-13T08:35:11Z" finished-at="2019-05-13T08:35:11Z">
          <reporter-output>
          </reporter-output>
        </test-method> <!-- IOSApps -->
        <test-method status="PASS" signature="NativeAPpAndroid()[pri:0, instance:qaclickacademy.AppiumTest@76ae34]" name="NativeAPpAndroid" duration-ms="1" started-at="2019-05-13T08:35:11Z" finished-at="2019-05-13T08:35:11Z">
          <reporter-output>
          </reporter-output>
        </test-method> <!-- NativeAPpAndroid -->
      </class> <!-- qaclickacademy.AppiumTest -->
      <class name="qaclickacademy.SeleniumTest">
        <test-method status="PASS" signature="BrowserAutomation()[pri:0, instance:qaclickacademy.SeleniumTest@14bef66]" name="BrowserAutomation" duration-ms="0" started-at="2019-05-13T08:35:11Z" finished-at="2019-05-13T08:35:11Z">
          <reporter-output>
          </reporter-output>
        </test-method> <!-- BrowserAutomation -->
        <test-method status="PASS" signature="elementsUi()[pri:0, instance:qaclickacademy.SeleniumTest@14bef66]" name="elementsUi" duration-ms="1" started-at="2019-05-13T08:35:11Z" finished-at="2019-05-13T08:35:11Z">
          <reporter-output>
          </reporter-output>
        </test-method> <!-- elementsUi -->
      </class> <!-- qaclickacademy.SeleniumTest -->
    </test> <!-- Command line test -->
  </suite> <!-- Command line suite -->
</testng-results>
